TN:
SF:src/AddressDojangResolver.sol
DA:27,15
FN:27,AddressDojangResolver.constructor
FNDA:15,AddressDojangResolver.constructor
DA:28,15
DA:35,14
FN:35,AddressDojangResolver.initialize
FNDA:14,AddressDojangResolver.initialize
DA:36,13
BRDA:36,0,0,1
DA:37,1
DA:40,12
DA:41,12
DA:43,12
DA:44,12
DA:45,12
DA:47,12
DA:54,6
FN:54,AddressDojangResolver.allowAttester
FNDA:6,AddressDojangResolver.allowAttester
DA:55,6
DA:62,1
FN:62,AddressDojangResolver.removeAttester
FNDA:1,AddressDojangResolver.removeAttester
DA:63,1
DA:70,5
FN:70,AddressDojangResolver.setIndexer
FNDA:5,AddressDojangResolver.setIndexer
DA:71,5
DA:77,1
FN:77,AddressDojangResolver.version
FNDA:1,AddressDojangResolver.version
DA:78,1
DA:84,4
FN:84,AddressDojangResolver.onAttest
FNDA:4,AddressDojangResolver.onAttest
DA:92,4
DA:93,3
DA:99,1
FN:99,AddressDojangResolver.onRevoke
FNDA:1,AddressDojangResolver.onRevoke
DA:107,1
DA:108,1
DA:117,2
FN:117,AddressDojangResolver._authorizeUpgrade
FNDA:2,AddressDojangResolver._authorizeUpgrade
FNF:9
FNH:9
LF:26
LH:26
BRF:1
BRH:1
end_of_record
TN:
SF:src/AttestationIndexer.sol
DA:44,14
FN:44,AttestationIndexer.constructor
FNDA:14,AttestationIndexer.constructor
DA:45,14
DA:52,13
FN:52,AttestationIndexer.initialize
FNDA:13,AttestationIndexer.initialize
DA:53,12
BRDA:53,0,0,1
DA:54,1
DA:57,11
DA:58,11
DA:59,11
DA:61,11
DA:67,2
FN:67,AttestationIndexer.index.0
FNDA:2,AttestationIndexer.index.0
DA:68,2
DA:74,1
FN:74,AttestationIndexer.index.1
FNDA:1,AttestationIndexer.index.1
DA:75,1
DA:82,3
FN:82,AttestationIndexer.pause
FNDA:3,AttestationIndexer.pause
DA:83,2
DA:90,2
FN:90,AttestationIndexer.unpause
FNDA:2,AttestationIndexer.unpause
DA:91,1
DA:97,1
FN:97,AttestationIndexer.getAttestationUid.0
FNDA:1,AttestationIndexer.getAttestationUid.0
DA:106,1
DA:112,1
FN:112,AttestationIndexer.getAttestationUid.1
FNDA:1,AttestationIndexer.getAttestationUid.1
DA:122,1
DA:131,2
FN:131,AttestationIndexer._authorizeUpgrade
FNDA:2,AttestationIndexer._authorizeUpgrade
DA:138,3
FN:138,AttestationIndexer._index
FNDA:3,AttestationIndexer._index
DA:139,3
DA:140,3
DA:142,2
DA:143,2
FNF:10
FNH:10
LF:27
LH:27
BRF:1
BRH:1
end_of_record
TN:
SF:src/BalanceDojangResolver.sol
DA:29,16
FN:29,BalanceDojangResolver.constructor
FNDA:16,BalanceDojangResolver.constructor
DA:30,16
DA:37,15
FN:37,BalanceDojangResolver.initialize
FNDA:15,BalanceDojangResolver.initialize
DA:38,14
BRDA:38,0,0,1
DA:39,1
DA:42,13
DA:43,13
DA:45,13
DA:46,13
DA:47,13
DA:48,13
DA:50,13
DA:57,7
FN:57,BalanceDojangResolver.allowAttester
FNDA:7,BalanceDojangResolver.allowAttester
DA:58,7
DA:65,1
FN:65,BalanceDojangResolver.removeAttester
FNDA:1,BalanceDojangResolver.removeAttester
DA:66,1
DA:73,6
FN:73,BalanceDojangResolver.setIndexer
FNDA:6,BalanceDojangResolver.setIndexer
DA:74,6
DA:80,1
FN:80,BalanceDojangResolver.version
FNDA:1,BalanceDojangResolver.version
DA:81,1
DA:87,5
FN:87,BalanceDojangResolver.onAttest
FNDA:5,BalanceDojangResolver.onAttest
DA:100,5
DA:101,4
DA:102,3
DA:108,1
FN:108,BalanceDojangResolver.onRevoke
FNDA:1,BalanceDojangResolver.onRevoke
DA:121,1
DA:122,1
DA:123,1
DA:132,2
FN:132,BalanceDojangResolver._authorizeUpgrade
FNDA:2,BalanceDojangResolver._authorizeUpgrade
FNF:9
FNH:9
LF:29
LH:29
BRF:1
BRH:1
end_of_record
TN:
SF:src/DojangAttesterBook.sol
DA:27,10
FN:27,DojangAttesterBook.constructor
FNDA:10,DojangAttesterBook.constructor
DA:28,10
DA:35,9
FN:35,DojangAttesterBook.initialize
FNDA:9,DojangAttesterBook.initialize
DA:36,8
BRDA:36,0,0,1
DA:37,1
DA:40,7
DA:41,7
DA:43,7
DA:51,3
FN:51,DojangAttesterBook.register
FNDA:3,DojangAttesterBook.register
DA:58,3
BRDA:58,1,0,1
DA:59,1
DA:62,2
DA:63,2
DA:70,1
FN:70,DojangAttesterBook.unregister
FNDA:1,DojangAttesterBook.unregister
DA:71,1
DA:72,1
DA:80,2
FN:80,DojangAttesterBook.getAttester
FNDA:2,DojangAttesterBook.getAttester
DA:81,2
DA:90,2
FN:90,DojangAttesterBook._authorizeUpgrade
FNDA:2,DojangAttesterBook._authorizeUpgrade
FNF:6
FNH:6
LF:19
LH:19
BRF:2
BRH:2
end_of_record
TN:
SF:src/DojangScroll.sol
DA:51,33
FN:51,DojangScroll.constructor
FNDA:33,DojangScroll.constructor
DA:52,33
DA:59,32
FN:59,DojangScroll.initialize
FNDA:32,DojangScroll.initialize
DA:60,31
BRDA:60,0,0,1
DA:61,1
DA:64,30
DA:65,30
DA:67,30
DA:74,21
FN:74,DojangScroll.setSchemaBook
FNDA:21,DojangScroll.setSchemaBook
DA:75,21
BRDA:75,1,0,2
DA:76,2
DA:78,19
DA:79,19
DA:80,19
DA:83,21
FN:83,DojangScroll.setDojangAttesterBook
FNDA:21,DojangScroll.setDojangAttesterBook
DA:87,21
BRDA:87,2,0,2
DA:88,2
DA:90,19
DA:91,19
DA:92,19
DA:100,21
FN:100,DojangScroll.setIndexer
FNDA:21,DojangScroll.setIndexer
DA:101,21
BRDA:101,3,0,2
DA:102,2
DA:104,19
DA:105,19
DA:106,19
DA:112,4
FN:112,DojangScroll.isVerified
FNDA:4,DojangScroll.isVerified
DA:113,4
DA:119,4
FN:119,DojangScroll.getVerifiedAddressAttestationUid
FNDA:4,DojangScroll.getVerifiedAddressAttestationUid
DA:127,4
DA:128,4
DA:129,1
DA:135,5
FN:135,DojangScroll.getVerifiedBalance
FNDA:5,DojangScroll.getVerifiedBalance
DA:145,5
DA:146,5
DA:148,2
DA:149,2
DA:150,2
DA:151,2
DA:153,2
BRDA:153,4,0,1
DA:154,1
DA:157,1
DA:163,4
FN:163,DojangScroll.getVerifiedBalanceAttestationUid
FNDA:4,DojangScroll.getVerifiedBalanceAttestationUid
DA:173,4
DA:174,4
DA:175,1
DA:184,2
FN:184,DojangScroll._authorizeUpgrade
FNDA:2,DojangScroll._authorizeUpgrade
DA:193,8
FN:193,DojangScroll._getAddressAttestation
FNDA:8,DojangScroll._getAddressAttestation
DA:201,8
DA:202,8
DA:204,8
DA:205,8
DA:217,9
FN:217,DojangScroll._getBalanceAttestation
FNDA:9,DojangScroll._getBalanceAttestation
DA:227,9
DA:228,9
DA:230,9
DA:231,9
DA:232,9
FNF:12
FNH:12
LF:58
LH:58
BRF:5
BRH:5
end_of_record
TN:
SF:src/SchemaBook.sol
DA:37,13
FN:37,SchemaBook.constructor
FNDA:13,SchemaBook.constructor
DA:38,13
DA:45,12
FN:45,SchemaBook.initialize
FNDA:12,SchemaBook.initialize
DA:46,11
BRDA:46,0,0,1
DA:47,1
DA:50,10
DA:51,10
DA:53,10
DA:61,5
FN:61,SchemaBook.register
FNDA:5,SchemaBook.register
DA:68,5
BRDA:68,1,0,1
DA:69,1
DA:71,4
BRDA:71,2,0,2
DA:72,2
DA:75,2
DA:76,2
DA:83,2
FN:83,SchemaBook.unregister
FNDA:2,SchemaBook.unregister
DA:84,2
BRDA:84,3,0,1
DA:85,1
DA:88,1
DA:89,1
DA:97,2
FN:97,SchemaBook.getSchemaUid
FNDA:2,SchemaBook.getSchemaUid
DA:98,2
DA:107,2
FN:107,SchemaBook._authorizeUpgrade
FNDA:2,SchemaBook._authorizeUpgrade
FNF:6
FNH:6
LF:23
LH:23
BRF:4
BRH:4
end_of_record
TN:
SF:src/abstract/AddressIndexingResolverUpgradeable.sol
DA:28,18
FN:28,AddressIndexingResolverUpgradeable.__AddressIndexingResolver_init
FNDA:18,AddressIndexingResolverUpgradeable.__AddressIndexingResolver_init
DA:29,18
DA:32,18
FN:32,AddressIndexingResolverUpgradeable.__AddressIndexingResolver_init_unchained
FNDA:18,AddressIndexingResolverUpgradeable.__AddressIndexingResolver_init_unchained
DA:44,4
FN:44,AddressIndexingResolverUpgradeable.onAttest
FNDA:4,AddressIndexingResolverUpgradeable.onAttest
DA:45,4
DA:46,4
DA:47,3
DA:60,257
FN:60,AddressIndexingResolverUpgradeable.onRevoke
FNDA:257,AddressIndexingResolverUpgradeable.onRevoke
DA:61,257
DA:68,12
FN:68,AddressIndexingResolverUpgradeable._setIndexer
FNDA:12,AddressIndexingResolverUpgradeable._setIndexer
DA:69,12
DA:71,12
BRDA:71,0,0,2
DA:72,2
DA:74,10
DA:75,10
DA:76,10
DA:79,16
FN:79,AddressIndexingResolverUpgradeable._getAddressIndexingResolverStorage
FNDA:16,AddressIndexingResolverUpgradeable._getAddressIndexingResolverStorage
DA:81,16
FNF:6
FNH:6
LF:18
LH:18
BRF:1
BRH:1
end_of_record
TN:
SF:src/abstract/AllowlistResolverUpgradeable.sol
DA:43,32
FN:43,AllowlistResolverUpgradeable.__AllowlistResolver_init
FNDA:32,AllowlistResolverUpgradeable.__AllowlistResolver_init
DA:44,32
DA:48,32
FN:48,AllowlistResolverUpgradeable.__AllowlistResolver_init_unchained
FNDA:32,AllowlistResolverUpgradeable.__AllowlistResolver_init_unchained
DA:58,18
FN:58,AllowlistResolverUpgradeable._allowAttester
FNDA:18,AllowlistResolverUpgradeable._allowAttester
DA:59,18
DA:61,1
BRDA:61,0,0,1
DA:62,1
DA:64,17
DA:65,17
DA:76,4
FN:76,AllowlistResolverUpgradeable._removeAttester
FNDA:4,AllowlistResolverUpgradeable._removeAttester
DA:77,4
DA:79,4
BRDA:79,1,0,1
DA:80,1
DA:82,3
DA:83,3
DA:94,11
FN:94,AllowlistResolverUpgradeable.onAttest
FNDA:11,AllowlistResolverUpgradeable.onAttest
DA:95,11
DA:96,11
DA:108,258
FN:108,AllowlistResolverUpgradeable.onRevoke
FNDA:258,AllowlistResolverUpgradeable.onRevoke
DA:109,258
DA:112,33
FN:112,AllowlistResolverUpgradeable._getAllowlistResolverStorage
FNDA:33,AllowlistResolverUpgradeable._getAllowlistResolverStorage
DA:114,33
FNF:7
FNH:7
LF:22
LH:22
BRF:2
BRH:2
end_of_record
TN:
SF:src/abstract/BalanceIndexingResolverUpgradeable.sol
DA:27,19
FN:27,BalanceIndexingResolverUpgradeable.__BalanceIndexingResolver_init
FNDA:19,BalanceIndexingResolverUpgradeable.__BalanceIndexingResolver_init
DA:28,19
DA:31,19
FN:31,BalanceIndexingResolverUpgradeable.__BalanceIndexingResolver_init_unchained
FNDA:19,BalanceIndexingResolverUpgradeable.__BalanceIndexingResolver_init_unchained
DA:44,4
FN:44,BalanceIndexingResolverUpgradeable.onAttest
FNDA:4,BalanceIndexingResolverUpgradeable.onAttest
DA:45,4
DA:47,4
DA:48,4
DA:49,4
DA:50,3
DA:63,257
FN:63,BalanceIndexingResolverUpgradeable.onRevoke
FNDA:257,BalanceIndexingResolverUpgradeable.onRevoke
DA:64,257
DA:71,13
FN:71,BalanceIndexingResolverUpgradeable._setIndexer
FNDA:13,BalanceIndexingResolverUpgradeable._setIndexer
DA:72,13
DA:74,13
BRDA:74,0,0,2
DA:75,2
DA:77,11
DA:78,11
DA:79,11
DA:82,17
FN:82,BalanceIndexingResolverUpgradeable._getBalanceIndexingResolverStorage
FNDA:17,BalanceIndexingResolverUpgradeable._getBalanceIndexingResolverStorage
DA:84,17
FNF:6
FNH:6
LF:20
LH:20
BRF:1
BRH:1
end_of_record
TN:
SF:src/abstract/BalanceValidationResolverUpgradeable.sol
DA:17,18
FN:17,BalanceValidationResolverUpgradeable.__BalanceValidationResolver_init
FNDA:18,BalanceValidationResolverUpgradeable.__BalanceValidationResolver_init
DA:18,18
DA:21,18
FN:21,BalanceValidationResolverUpgradeable.__BalanceValidationResolver_init_unchained
FNDA:18,BalanceValidationResolverUpgradeable.__BalanceValidationResolver_init_unchained
DA:32,8
FN:32,BalanceValidationResolverUpgradeable.onAttest
FNDA:8,BalanceValidationResolverUpgradeable.onAttest
DA:33,8
DA:34,8
DA:40,257
FN:40,BalanceValidationResolverUpgradeable.onRevoke
FNDA:257,BalanceValidationResolverUpgradeable.onRevoke
DA:41,257
FNF:4
FNH:4
LF:8
LH:8
BRF:0
BRH:0
end_of_record
TN:
SF:src/libraries/AttestationVerifier.sol
DA:31,23
FN:31,AttestationVerifier.verify.0
FNDA:23,AttestationVerifier.verify.0
DA:32,23
BRDA:32,0,0,4
DA:33,4
DA:36,19
DA:45,12
FN:45,AttestationVerifier.isVerified.0
FNDA:12,AttestationVerifier.isVerified.0
DA:46,12
BRDA:46,1,0,3
DA:47,3
DA:50,9
DA:61,3
FN:61,AttestationVerifier.verify.1
FNDA:3,AttestationVerifier.verify.1
DA:62,3
DA:64,3
BRDA:64,2,0,1
DA:65,1
DA:68,2
BRDA:68,3,0,1
DA:69,1
DA:82,4
FN:82,AttestationVerifier.isVerified.1
FNDA:4,AttestationVerifier.isVerified.1
DA:91,4
BRDA:91,4,0,1
DA:92,1
DA:95,3
BRDA:95,5,0,1
DA:96,1
DA:99,2
BRDA:99,6,0,1
DA:100,1
DA:103,1
DA:110,19
FN:110,AttestationVerifier._verify
FNDA:19,AttestationVerifier._verify
DA:111,19
BRDA:111,7,0,5
DA:112,5
DA:115,14
BRDA:115,8,0,4
DA:116,4
DA:125,9
FN:125,AttestationVerifier._isVerified
FNDA:9,AttestationVerifier._isVerified
DA:126,9
BRDA:126,9,0,2
DA:127,2
DA:130,7
BRDA:130,10,0,2
DA:131,2
DA:134,5
FNF:6
FNH:6
LF:33
LH:33
BRF:11
BRH:11
end_of_record
TN:
SF:src/libraries/Types.sol
DA:37,1032
FN:37,BIP44CoinTypes.isValid
FNDA:1032,BIP44CoinTypes.isValid
DA:38,1032
DA:45,512
FN:45,BIP44CoinTypes.requireValid
FNDA:512,BIP44CoinTypes.requireValid
DA:46,512
BRDA:46,0,0,256
DA:47,256
FNF:2
FNH:2
LF:5
LH:5
BRF:1
BRH:1
end_of_record
TN:
SF:test/AddressDojangResolver.t.sol
DA:29,12
FN:29,AddressDojangResolver_Base.setUp
FNDA:12,AddressDojangResolver_Base.setUp
DA:30,12
DA:31,12
DA:32,12
DA:34,12
DA:35,12
DA:36,12
DA:38,12
DA:40,12
DA:41,12
DA:42,12
DA:62,1
FN:62,AddressDojangResolverV2.v2Function
FNDA:1,AddressDojangResolverV2.v2Function
DA:63,1
FNF:2
FNH:2
LF:13
LH:13
BRF:0
BRH:0
end_of_record
TN:
SF:test/AttestationIndexer.t.sol
DA:23,11
FN:23,AttestationIndexer_Base.setUp
FNDA:11,AttestationIndexer_Base.setUp
DA:24,11
DA:25,11
DA:26,11
DA:27,11
DA:28,11
DA:30,11
DA:31,11
DA:32,11
DA:34,11
DA:36,11
DA:37,11
DA:38,11
DA:39,11
DA:40,11
DA:96,1
FN:96,AttestationIndexerV2.version
FNDA:1,AttestationIndexerV2.version
DA:97,1
FNF:2
FNH:2
LF:17
LH:17
BRF:0
BRH:0
end_of_record
TN:
SF:test/BalanceDojangResolver.t.sol
DA:27,13
FN:27,BalanceDojangResolver_Base.setUp
FNDA:13,BalanceDojangResolver_Base.setUp
DA:28,13
DA:29,13
DA:30,13
DA:32,13
DA:33,13
DA:34,13
DA:36,13
DA:38,13
DA:39,13
DA:40,13
DA:60,1
FN:60,BalanceDojangResolverV2.v2Function
FNDA:1,BalanceDojangResolverV2.v2Function
DA:61,1
FNF:2
FNH:2
LF:13
LH:13
BRF:0
BRH:0
end_of_record
TN:
SF:test/DojangAttesterBook.t.sol
DA:18,7
FN:18,DojangAttesterBook_Base.setUp
FNDA:7,DojangAttesterBook_Base.setUp
DA:19,7
DA:20,7
DA:21,7
DA:23,7
DA:24,7
DA:25,7
DA:27,7
DA:29,7
DA:30,7
DA:31,7
DA:51,1
FN:51,DojangAttesterBookV2.version
FNDA:1,DojangAttesterBookV2.version
DA:52,1
FNF:2
FNH:2
LF:13
LH:13
BRF:0
BRH:0
end_of_record
TN:
SF:test/DojangScroll.t.sol
DA:33,30
FN:33,DojangScroll_Base.setUp
FNDA:30,DojangScroll_Base.setUp
DA:34,30
DA:35,30
DA:36,30
DA:38,30
DA:39,30
DA:40,30
DA:42,30
DA:44,30
DA:45,30
DA:46,30
DA:66,1
FN:66,DojangScrollV2.version
FNDA:1,DojangScrollV2.version
DA:67,1
FNF:2
FNH:2
LF:13
LH:13
BRF:0
BRH:0
end_of_record
TN:
SF:test/SchemaBook.t.sol
DA:19,10
FN:19,SchemaBook_Base.setUp
FNDA:10,SchemaBook_Base.setUp
DA:20,10
DA:21,10
DA:22,10
DA:24,10
DA:25,10
DA:26,10
DA:28,10
DA:30,10
DA:31,10
DA:32,10
DA:52,1
FN:52,SchemaBookV2.version
FNDA:1,SchemaBookV2.version
DA:53,1
FNF:2
FNH:2
LF:13
LH:13
BRF:0
BRH:0
end_of_record
TN:
SF:test/abstract/AddressIndexingResolverUpgradeable.t.sol
DA:11,6
FN:11,MockAddressIndexingResolver.initialize
FNDA:6,MockAddressIndexingResolver.initialize
DA:12,6
DA:13,6
DA:16,1
FN:16,MockAddressIndexingResolver.version
FNDA:1,MockAddressIndexingResolver.version
DA:17,1
DA:20,7
FN:20,MockAddressIndexingResolver.setIndexer
FNDA:7,MockAddressIndexingResolver.setIndexer
DA:21,7
DA:24,1
FN:24,MockAddressIndexingResolver.mockAttest
FNDA:1,MockAddressIndexingResolver.mockAttest
DA:25,1
DA:28,256
FN:28,MockAddressIndexingResolver.mockRevoke
FNDA:256,MockAddressIndexingResolver.mockRevoke
DA:29,256
DA:38,6
FN:38,AddressIndexingResolver_Base.setUp
FNDA:6,AddressIndexingResolver_Base.setUp
DA:39,6
DA:40,6
FNF:6
FNH:6
LF:14
LH:14
BRF:0
BRH:0
end_of_record
TN:
SF:test/abstract/AllowlistResolverUpgradeable.t.sol
DA:9,7
FN:9,MockAllowlistResolver.initialize
FNDA:7,MockAllowlistResolver.initialize
DA:10,7
DA:11,7
DA:14,1
FN:14,MockAllowlistResolver.version
FNDA:1,MockAllowlistResolver.version
DA:15,1
DA:18,5
FN:18,MockAllowlistResolver.allowAttester
FNDA:5,MockAllowlistResolver.allowAttester
DA:19,5
DA:22,2
FN:22,MockAllowlistResolver.removeAttester
FNDA:2,MockAllowlistResolver.removeAttester
DA:23,2
DA:26,3
FN:26,MockAllowlistResolver.mockAttest
FNDA:3,MockAllowlistResolver.mockAttest
DA:27,3
DA:30,256
FN:30,MockAllowlistResolver.mockRevoke
FNDA:256,MockAllowlistResolver.mockRevoke
DA:31,256
DA:40,7
FN:40,AllowlistResolver_Base.setUp
FNDA:7,AllowlistResolver_Base.setUp
DA:41,7
DA:42,7
DA:44,7
DA:45,7
FNF:7
FNH:7
LF:18
LH:18
BRF:0
BRH:0
end_of_record
TN:
SF:test/abstract/BalanceIndexingResolverUpgradeable.t.sol
DA:10,6
FN:10,MockBalanceIndexingResolver.initialize
FNDA:6,MockBalanceIndexingResolver.initialize
DA:11,6
DA:12,6
DA:15,1
FN:15,MockBalanceIndexingResolver.version
FNDA:1,MockBalanceIndexingResolver.version
DA:16,1
DA:19,7
FN:19,MockBalanceIndexingResolver.setIndexer
FNDA:7,MockBalanceIndexingResolver.setIndexer
DA:20,7
DA:23,1
FN:23,MockBalanceIndexingResolver.mockAttest
FNDA:1,MockBalanceIndexingResolver.mockAttest
DA:24,1
DA:27,256
FN:27,MockBalanceIndexingResolver.mockRevoke
FNDA:256,MockBalanceIndexingResolver.mockRevoke
DA:28,256
DA:37,6
FN:37,BalanceIndexingResolver_Base.setUp
FNDA:6,BalanceIndexingResolver_Base.setUp
DA:38,6
DA:39,6
FNF:6
FNH:6
LF:14
LH:14
BRF:0
BRH:0
end_of_record
TN:
SF:test/abstract/BalanceValidationResolverUpgradeable.t.sol
DA:9,5
FN:9,MockBalanceValidationResolver.initialize
FNDA:5,MockBalanceValidationResolver.initialize
DA:10,5
DA:11,5
DA:14,1
FN:14,MockBalanceValidationResolver.version
FNDA:1,MockBalanceValidationResolver.version
DA:15,1
DA:18,3
FN:18,MockBalanceValidationResolver.mockAttest
FNDA:3,MockBalanceValidationResolver.mockAttest
DA:19,3
DA:22,256
FN:22,MockBalanceValidationResolver.mockRevoke
FNDA:256,MockBalanceValidationResolver.mockRevoke
DA:23,256
DA:30,5
FN:30,BalanceValidationResolver_Base.setUp
FNDA:5,BalanceValidationResolver_Base.setUp
DA:31,5
DA:32,5
FNF:5
FNH:5
LF:12
LH:12
BRF:0
BRH:0
end_of_record
TN:
SF:test/libraries/AttestationVerifier.t.sol
DA:11,4
FN:11,AttestationVerifierHelperForRevertTest.verify.0
FNDA:4,AttestationVerifierHelperForRevertTest.verify.0
DA:12,4
DA:15,4
FN:15,AttestationVerifierHelperForRevertTest.isVerified.0
FNDA:4,AttestationVerifierHelperForRevertTest.isVerified.0
DA:16,4
DA:19,3
FN:19,AttestationVerifierHelperForRevertTest.verify.1
FNDA:3,AttestationVerifierHelperForRevertTest.verify.1
DA:20,3
DA:23,4
FN:23,AttestationVerifierHelperForRevertTest.isVerified.1
FNDA:4,AttestationVerifierHelperForRevertTest.isVerified.1
DA:32,4
FNF:4
FNH:4
LF:8
LH:8
BRF:0
BRH:0
end_of_record
TN:
SF:test/libraries/BIP44CoinTypes.t.sol
DA:8,256
FN:8,BIP44CoinTypesHelperForRevertTest.callRequireValid
FNDA:256,BIP44CoinTypesHelperForRevertTest.callRequireValid
DA:9,256
FNF:1
FNH:1
LF:2
LH:2
BRF:0
BRH:0
end_of_record
